<?xml version="1.0" encoding="UTF-8"?>
<testsuite xmlns:xsi="http://www.w3.org/2001/XMLSchema-instance" xsi:noNamespaceSchemaLocation="https://maven.apache.org/surefire/maven-surefire-plugin/xsd/surefire-test-report-3.0.xsd" version="3.0" name="TestSuite" time="46.318" tests="1" errors="0" skipped="0" failures="0">
  <properties>
[...]
</properties>
  <testcase name="account_registration" classname="testCases.TC001_AccountRegistrationWithGrid" time="19.6">
    <system-out><![CDATA[2025-05-07T23:45:12.930899200Z main INFO Starting configuration XmlConfiguration[location=C:\Users\nguti\OneDrive\Desktop\Automation\SeleniumWebDriver\OpenCart\target\test-classes\log4j2.xml, lastModified=2024-12-15T14:09:53Z]...
2025-05-07T23:45:12.932898600Z main INFO Start watching for changes to C:\Users\nguti\OneDrive\Desktop\Automation\SeleniumWebDriver\OpenCart\target\test-classes\log4j2.xml every 0 seconds
2025-05-07T23:45:12.932898600Z main INFO Configuration XmlConfiguration[location=C:\Users\nguti\OneDrive\Desktop\Automation\SeleniumWebDriver\OpenCart\target\test-classes\log4j2.xml, lastModified=2024-12-15T14:09:53Z] started.
2025-05-07T23:45:12.933899100Z main INFO Stopping configuration org.apache.logging.log4j.core.config.DefaultConfiguration@b86de0d...
2025-05-07T23:45:12.936921900Z main INFO Configuration org.apache.logging.log4j.core.config.DefaultConfiguration@b86de0d stopped.
Your Account Has Been Created!
]]></system-out>
    <system-err><![CDATA[SLF4J: Class path contains multiple SLF4J bindings.
SLF4J: Found binding in [jar:file:/C:/Users/nguti/.m2/repository/org/slf4j/slf4j-reload4j/1.7.36/slf4j-reload4j-1.7.36.jar!/org/slf4j/impl/StaticLoggerBinder.class]
SLF4J: Found binding in [jar:file:/C:/Users/nguti/.m2/repository/org/apache/logging/log4j/log4j-slf4j-impl/2.24.2/log4j-slf4j-impl-2.24.2.jar!/org/slf4j/impl/StaticLoggerBinder.class]
SLF4J: See http://www.slf4j.org/codes.html#multiple_bindings for an explanation.
SLF4J: Actual binding is of type [org.slf4j.impl.Reload4jLoggerFactory]
log4j:WARN No appenders could be found for logger (org.testng.TestNG).
log4j:WARN Please initialize the log4j system properly.
log4j:WARN See http://logging.apache.org/log4j/1.2/faq.html#noconfig for more info.
May 08, 2025 12:45:15 AM org.openqa.selenium.devtools.CdpVersionFinder findNearestMatch
WARNING: Unable to find CDP implementation matching 136
May 08, 2025 12:45:15 AM org.openqa.selenium.chromium.ChromiumDriver lambda$new$5
WARNING: Unable to find version of CDP to use for 136.0.7103.48. You may need to include a dependency on a specific version of the CDP using something similar to `org.seleniumhq.selenium:selenium-devtools-v86:4.25.0` where the version ("v86") matches the version of the chromium-based browser you're using and the version number of the artifact is the same as Selenium's.
]]></system-err>
  </testcase>
</testsuite>