<?xml version="1.0" encoding="UTF-8"?>
<testng-results ignored="0" total="1" passed="1" failed="0" skipped="0">
  <reporter-output>
  </reporter-output>
  <suite started-at="2025-05-08T00:45:12 BST" name="Suite" finished-at="2025-05-08T00:45:58 BST" duration-ms="45689">
    <groups>
    </groups>
    <test started-at="2025-05-08T00:45:12 BST" name="Test" finished-at="2025-05-08T00:45:58 BST" duration-ms="45689">
      <class name="testCases.TC001_AccountRegistrationWithGrid">
        <test-method is-config="true" signature="setup(java.lang.String,java.lang.String)[pri:0, instance:testCases.TC001_AccountRegistrationWithGrid@5c33f1a9]" started-at="2025-05-08T00:45:12 BST" name="setup" finished-at="2025-05-08T00:45:21 BST" duration-ms="9043" status="PASS">
          <params>
            <param index="0">
              <value>
                <![CDATA[windows]]>
              </value>
            </param>
            <param index="1">
              <value>
                <![CDATA[chrome]]>
              </value>
            </param>
          </params>
          <reporter-output>
          </reporter-output>
        </test-method> <!-- setup -->
        <test-method signature="account_registration()[pri:0, instance:testCases.TC001_AccountRegistrationWithGrid@5c33f1a9]" started-at="2025-05-08T00:45:21 BST" name="account_registration" finished-at="2025-05-08T00:45:40 BST" duration-ms="19367" status="PASS">
          <reporter-output>
          </reporter-output>
        </test-method> <!-- account_registration -->
        <test-method is-config="true" signature="tearDown()[pri:0, instance:testCases.TC001_AccountRegistrationWithGrid@5c33f1a9]" started-at="2025-05-08T00:45:41 BST" name="tearDown" finished-at="2025-05-08T00:45:58 BST" duration-ms="17112" status="PASS">
          <reporter-output>
          </reporter-output>
        </test-method> <!-- tearDown -->
      </class> <!-- testCases.TC001_AccountRegistrationWithGrid -->
    </test> <!-- Test -->
  </suite> <!-- Suite -->
</testng-results>
